app/build/intermediates/manifest_merge_blame_file/release/manifest-merger-blame-release-report.txt
1<?xml version="1.0" encoding="utf-8"?>
2<manifest xmlns:android="http://schemas.android.com/apk/res/android"
3    package="com.example.myfirstapp"
4    android:versionCode="1"
5    android:versionName="1.0" >
6
7    <uses-sdk
8        android:minSdkVersion="21"
8-->src/main/AndroidManifest.xml
9        android:targetSdkVersion="33" />
9-->src/main/AndroidManifest.xml
10
11    <application
11-->src/main/AndroidManifest.xml:5:5-22:19
12        android:allowBackup="true"
12-->src/main/AndroidManifest.xml:6:9-35
13        android:appComponentFactory="androidx.core.app.CoreComponentFactory"
13-->[androidx.core:core:1.5.0] AndroidManifest.xml:24:18-86
14        android:icon="@mipmap/ic_launcher"
14-->src/main/AndroidManifest.xml:8:9-43
15        android:label="My First App"
15-->src/main/AndroidManifest.xml:7:9-37
16        android:roundIcon="@mipmap/ic_launcher_round"
16-->src/main/AndroidManifest.xml:9:9-54
17        android:supportsRtl="true"
17-->src/main/AndroidManifest.xml:10:9-35
18        android:theme="@style/Theme.AppCompat.Light.NoActionBar" >
18-->src/main/AndroidManifest.xml:11:9-65
19        <activity
19-->src/main/AndroidManifest.xml:13:9-20:20
20            android:name="com.example.myfirstapp.MainActivity"
20-->src/main/AndroidManifest.xml:14:13-41
21            android:exported="true" >
21-->src/main/AndroidManifest.xml:15:13-36
22            <intent-filter>
22-->src/main/AndroidManifest.xml:16:13-19:29
23                <action android:name="android.intent.action.MAIN" />
23-->src/main/AndroidManifest.xml:17:17-69
23-->src/main/AndroidManifest.xml:17:25-66
24
25                <category android:name="android.intent.category.LAUNCHER" />
25-->src/main/AndroidManifest.xml:18:17-77
25-->src/main/AndroidManifest.xml:18:27-74
26            </intent-filter>
27        </activity>
28    </application>
29
30</manifest>